<?xml version="1.0" encoding="UTF-8"?>
<!-- Generated by org.testng.reporters.JUnitXMLReporter -->
<testsuite hostname="LAPTOP-A9456698" ignored="1" name="Default test" tests="2" failures="0" timestamp="15 Apr 2022 02:30:52 GMT" time="9.827" errors="0">
  <testcase name="t2" time="0.802" classname="org.assertpractice.Adactin"/>
  <testcase name="t1" time="1.615" classname="org.assertpractice.Adactin"/>
  <testcase name="t3" time="0.0" classname="org.assertpractice.Adactin">
    <ignored/>
  </testcase> <!-- t3 -->
</testsuite> <!-- Default test -->
