<?xml version="1.0" encoding="UTF-8"?>
<!-- Generated by org.testng.reporters.JUnitXMLReporter -->
<testsuite hostname="LAPTOP-A9456698" ignored="0" name="chromebrowser" tests="1" failures="0" timestamp="18 Apr 2022 06:56:41 GMT" time="0.029" errors="0">
  <testcase name="@BeforeClass browsers" time="0.0" classname="org.crossbrowser.CrossBrowser">
    <failure type="java.lang.NullPointerException">
      <![CDATA[java.lang.NullPointerException
	at org.base.BaseClass.impliwait(BaseClass.java:64)
	at org.crossbrowser.CrossBrowser.browsers(CrossBrowser.java:23)
	at java.util.concurrent.FutureTask.run(Unknown Source)
	at java.util.concurrent.ThreadPoolExecutor.runWorker(Unknown Source)
	at java.util.concurrent.ThreadPoolExecutor$Worker.run(Unknown Source)
	at java.lang.Thread.run(Unknown Source)
... Removed 16 stack frames]]>
    </failure>
  </testcase> <!-- @BeforeClass browsers -->
  <testcase name="@BeforeClass browsers" time="0.0" classname="org.crossbrowser.CrossBrowser">
    <failure type="java.lang.NullPointerException">
      <![CDATA[java.lang.NullPointerException
	at org.base.BaseClass.impliwait(BaseClass.java:64)
	at org.crossbrowser.CrossBrowser.browsers(CrossBrowser.java:23)
	at java.util.concurrent.FutureTask.run(Unknown Source)
	at java.util.concurrent.ThreadPoolExecutor.runWorker(Unknown Source)
	at java.util.concurrent.ThreadPoolExecutor$Worker.run(Unknown Source)
	at java.lang.Thread.run(Unknown Source)
... Removed 16 stack frames]]>
    </failure>
  </testcase> <!-- @BeforeClass browsers -->
  <testcase name="@BeforeMethod starttime" time="0.0" classname="org.crossbrowser.CrossBrowser">
    <skipped/>
  </testcase> <!-- @BeforeMethod starttime -->
  <testcase name="@BeforeMethod starttime" time="0.0" classname="org.crossbrowser.CrossBrowser">
    <skipped/>
  </testcase> <!-- @BeforeMethod starttime -->
  <testcase name="@AfterMethod endtime" time="0.0" classname="org.crossbrowser.CrossBrowser">
    <skipped/>
  </testcase> <!-- @AfterMethod endtime -->
  <testcase name="@AfterMethod endtime" time="0.0" classname="org.crossbrowser.CrossBrowser">
    <skipped/>
  </testcase> <!-- @AfterMethod endtime -->
  <testcase name="@AfterClass closebrowser" time="0.0" classname="org.crossbrowser.CrossBrowser">
    <skipped/>
  </testcase> <!-- @AfterClass closebrowser -->
  <testcase name="@AfterClass closebrowser" time="0.0" classname="org.crossbrowser.CrossBrowser">
    <skipped/>
  </testcase> <!-- @AfterClass closebrowser -->
  <testcase name="logintest" time="0.0" classname="org.crossbrowser.CrossBrowser">
    <skipped/>
  </testcase> <!-- logintest -->
</testsuite> <!-- chromebrowser -->
