<?xml version="1.0" encoding="UTF-8"?>
<!-- Generated by org.testng.reporters.JUnitXMLReporter -->
<testsuite hostname="LAPTOP-A9456698" ignored="0" name="Test" tests="9" failures="0" timestamp="15 Apr 2022 02:01:18 GMT" time="0.043" errors="0">
  <testcase name="testC1" time="0.009" classname="org.paralleltest.C"/>
  <testcase name="testC2" time="0.001" classname="org.paralleltest.C"/>
  <testcase name="testC3" time="0.001" classname="org.paralleltest.C"/>
  <testcase name="testA1" time="0.001" classname="org.paralleltest.A"/>
  <testcase name="testA2" time="0.001" classname="org.paralleltest.A"/>
  <testcase name="testA3" time="0.001" classname="org.paralleltest.A"/>
  <testcase name="testB1" time="0.0" classname="org.paralleltest.B"/>
  <testcase name="testB2" time="0.001" classname="org.paralleltest.B"/>
  <testcase name="testB3" time="0.0" classname="org.paralleltest.B"/>
</testsuite> <!-- Test -->
