<?xml version="1.0" encoding="UTF-8"?>
<!-- Generated by org.testng.reporters.JUnitXMLReporter -->
<testsuite hostname="LAPTOP-A9456698" ignored="0" name="Test1" tests="9" failures="0" timestamp="05 Apr 2022 17:50:44 GMT" time="0.052" errors="0">
  <testcase name="testA1" time="0.012" classname="org.paralleltest.A"/>
  <testcase name="testA2" time="0.003" classname="org.paralleltest.A"/>
  <testcase name="testA3" time="0.002" classname="org.paralleltest.A"/>
  <testcase name="testB1" time="0.001" classname="org.paralleltest.B"/>
  <testcase name="testB2" time="0.001" classname="org.paralleltest.B"/>
  <testcase name="testB3" time="0.0" classname="org.paralleltest.B"/>
  <testcase name="testC1" time="0.0" classname="org.paralleltest.C"/>
  <testcase name="testC2" time="0.003" classname="org.paralleltest.C"/>
  <testcase name="testC3" time="0.0" classname="org.paralleltest.C"/>
</testsuite> <!-- Test1 -->
