<?xml version="1.0" encoding="UTF-8"?>
<testng-results skipped="0" failed="0" ignored="0" total="1" passed="1">
  <reporter-output>
  </reporter-output>
  <suite name="Default suite" duration-ms="9584" started-at="2022-04-20T06:20:56Z" finished-at="2022-04-20T06:21:06Z">
    <groups>
    </groups>
    <test name="Default test" duration-ms="9584" started-at="2022-04-20T06:20:56Z" finished-at="2022-04-20T06:21:06Z">
      <class name="org.test1.Program1">
        <test-method status="PASS" signature="browsers()[pri:0, instance:org.test1.Program1@59ec2012]" name="browsers" is-config="true" duration-ms="6072" started-at="2022-04-20T11:50:56Z" finished-at="2022-04-20T11:51:02Z">
          <reporter-output>
          </reporter-output>
        </test-method> <!-- browsers -->
        <test-method status="PASS" signature="productSrch()[pri:0, instance:org.test1.Program1@59ec2012]" name="productSrch" duration-ms="3500" started-at="2022-04-20T11:51:02Z" finished-at="2022-04-20T11:51:06Z">
          <reporter-output>
          </reporter-output>
        </test-method> <!-- productSrch -->
      </class> <!-- org.test1.Program1 -->
    </test> <!-- Default test -->
  </suite> <!-- Default suite -->
</testng-results>
